<?xml version="1.0" encoding="UTF-8"?>
<testsuite name="edu.duke.sz232.battleship.BattleShipBoardTest" tests="4" skipped="0" failures="0" errors="0" timestamp="2022-01-24T21:39:41" hostname="ubuntu" time="0.042">
  <properties/>
  <testcase name="test_invalid_add_ship()" classname="edu.duke.sz232.battleship.BattleShipBoardTest" time="0.003"/>
  <testcase name="test_width_and_height()" classname="edu.duke.sz232.battleship.BattleShipBoardTest" time="0.003"/>
  <testcase name="test_invalid_dimensions()" classname="edu.duke.sz232.battleship.BattleShipBoardTest" time="0.021"/>
  <testcase name="test_add_ship()" classname="edu.duke.sz232.battleship.BattleShipBoardTest" time="0.004"/>
  <system-out><![CDATA[]]></system-out>
  <system-err><![CDATA[]]></system-err>
</testsuite>
