<?xml version="1.0" encoding="UTF-8"?>
<testsuite name="edu.duke.sz232.battleship.NoCollisionRuleCheckerTest" tests="2" skipped="0" failures="0" errors="0" timestamp="2022-01-25T02:46:53" hostname="ubuntu" time="0.002">
  <properties/>
  <testcase name="testNoCollisionRuleChecker()" classname="edu.duke.sz232.battleship.NoCollisionRuleCheckerTest" time="0.0"/>
  <testcase name="testMultipleRuleChecker()" classname="edu.duke.sz232.battleship.NoCollisionRuleCheckerTest" time="0.001"/>
  <system-out><![CDATA[]]></system-out>
  <system-err><![CDATA[]]></system-err>
</testsuite>
