<?xml version="1.0" encoding="UTF-8"?>
<testsuite name="edu.duke.sz232.battleship.V1ShipFactoryTest" tests="5" skipped="0" failures="0" errors="0" timestamp="2022-02-06T01:32:10" hostname="ubuntu" time="0.005">
  <properties/>
  <testcase name="testMakeSubmarine()" classname="edu.duke.sz232.battleship.V1ShipFactoryTest" time="0.0"/>
  <testcase name="testMakeBattleship()" classname="edu.duke.sz232.battleship.V1ShipFactoryTest" time="0.001"/>
  <testcase name="test_out_of_boundary()" classname="edu.duke.sz232.battleship.V1ShipFactoryTest" time="0.001"/>
  <testcase name="testMakeCarrier()" classname="edu.duke.sz232.battleship.V1ShipFactoryTest" time="0.0"/>
  <testcase name="testMakeDestroyer()" classname="edu.duke.sz232.battleship.V1ShipFactoryTest" time="0.001"/>
  <system-out><![CDATA[]]></system-out>
  <system-err><![CDATA[]]></system-err>
</testsuite>
