<?xml version="1.0" encoding="UTF-8"?>
<testsuite name="edu.duke.sz232.battleship.AppTest" tests="2" skipped="0" failures="0" errors="0" timestamp="2022-02-05T05:51:06" hostname="ubuntu" time="0.632">
  <properties/>
  <testcase name="test_main()" classname="edu.duke.sz232.battleship.AppTest" time="0.43"/>
  <testcase name="test_Computer_player()" classname="edu.duke.sz232.battleship.AppTest" time="0.2"/>
  <system-out><![CDATA[]]></system-out>
  <system-err><![CDATA[]]></system-err>
</testsuite>
