<?xml version="1.0" encoding="UTF-8"?>
<testsuite name="edu.duke.sz232.battleship.CoordinateTest" tests="5" skipped="0" failures="0" errors="0" timestamp="2022-01-24T18:46:13" hostname="ubuntu" time="0.061">
  <properties/>
  <testcase name="test_column_and_rows()" classname="edu.duke.sz232.battleship.CoordinateTest" time="0.002"/>
  <testcase name="test_string_constructor_valid_cases()" classname="edu.duke.sz232.battleship.CoordinateTest" time="0.005"/>
  <testcase name="test_hashCode()" classname="edu.duke.sz232.battleship.CoordinateTest" time="0.017"/>
  <testcase name="test_string_constructor_error_cases()" classname="edu.duke.sz232.battleship.CoordinateTest" time="0.026"/>
  <testcase name="test_equals()" classname="edu.duke.sz232.battleship.CoordinateTest" time="0.002"/>
  <system-out><![CDATA[]]></system-out>
  <system-err><![CDATA[]]></system-err>
</testsuite>
