<?xml version="1.0" encoding="UTF-8"?>
<testsuite name="edu.duke.sz232.battleship.BattleShipBoardTest" tests="3" skipped="0" failures="0" errors="0" timestamp="2022-01-22T20:33:19" hostname="ubuntu" time="0.035">
  <properties/>
  <testcase name="test_width_and_height()" classname="edu.duke.sz232.battleship.BattleShipBoardTest" time="0.001"/>
  <testcase name="test_invalid_dimensions()" classname="edu.duke.sz232.battleship.BattleShipBoardTest" time="0.022"/>
  <testcase name="test_add_ship()" classname="edu.duke.sz232.battleship.BattleShipBoardTest" time="0.009"/>
  <system-out><![CDATA[]]></system-out>
  <system-err><![CDATA[]]></system-err>
</testsuite>
