<?xml version="1.0" encoding="UTF-8"?>
<testsuite name="edu.duke.sz232.battleship.TextPlayerTest" tests="2" skipped="0" failures="0" errors="0" timestamp="2022-01-24T18:46:13" hostname="ubuntu" time="0.031">
  <properties/>
  <testcase name="test_do_one_placement()" classname="edu.duke.sz232.battleship.TextPlayerTest" time="0.025"/>
  <testcase name="test_read_placement()" classname="edu.duke.sz232.battleship.TextPlayerTest" time="0.004"/>
  <system-out><![CDATA[]]></system-out>
  <system-err><![CDATA[]]></system-err>
</testsuite>
