<?xml version="1.0" encoding="UTF-8"?>
<testsuite name="edu.duke.sz232.battleship.TextPlayerTest" tests="7" skipped="0" failures="0" errors="0" timestamp="2022-02-06T01:32:10" hostname="ubuntu" time="0.011">
  <properties/>
  <testcase name="test_read_EOF()" classname="edu.duke.sz232.battleship.TextPlayerTest" time="0.001"/>
  <testcase name="move_ship_test()" classname="edu.duke.sz232.battleship.TextPlayerTest" time="0.001"/>
  <testcase name="test_read_choice()" classname="edu.duke.sz232.battleship.TextPlayerTest" time="0.003"/>
  <testcase name="test_attack()" classname="edu.duke.sz232.battleship.TextPlayerTest" time="0.001"/>
  <testcase name="test_do_one_placement()" classname="edu.duke.sz232.battleship.TextPlayerTest" time="0.002"/>
  <testcase name="test_read_placement()" classname="edu.duke.sz232.battleship.TextPlayerTest" time="0.001"/>
  <testcase name="test_sonar()" classname="edu.duke.sz232.battleship.TextPlayerTest" time="0.0"/>
  <system-out><![CDATA[]]></system-out>
  <system-err><![CDATA[]]></system-err>
</testsuite>
