<?xml version="1.0" encoding="UTF-8"?>
<testsuite name="edu.duke.sz232.battleship.TextPlayerTest" tests="3" skipped="0" failures="0" errors="0" timestamp="2022-02-04T14:58:06" hostname="ubuntu" time="0.028">
  <properties/>
  <testcase name="test_read_EOF()" classname="edu.duke.sz232.battleship.TextPlayerTest" time="0.003"/>
  <testcase name="test_do_one_placement()" classname="edu.duke.sz232.battleship.TextPlayerTest" time="0.011"/>
  <testcase name="test_read_placement()" classname="edu.duke.sz232.battleship.TextPlayerTest" time="0.004"/>
  <system-out><![CDATA[]]></system-out>
  <system-err><![CDATA[]]></system-err>
</testsuite>
