<?xml version="1.0" encoding="UTF-8"?>
<testsuite name="edu.duke.sz232.battleship.TextPlayerTest" tests="4" skipped="0" failures="0" errors="0" timestamp="2022-02-05T05:51:07" hostname="ubuntu" time="0.035">
  <properties/>
  <testcase name="test_read_EOF()" classname="edu.duke.sz232.battleship.TextPlayerTest" time="0.002"/>
  <testcase name="move_ship_test()" classname="edu.duke.sz232.battleship.TextPlayerTest" time="0.003"/>
  <testcase name="test_do_one_placement()" classname="edu.duke.sz232.battleship.TextPlayerTest" time="0.026"/>
  <testcase name="test_read_placement()" classname="edu.duke.sz232.battleship.TextPlayerTest" time="0.001"/>
  <system-out><![CDATA[]]></system-out>
  <system-err><![CDATA[]]></system-err>
</testsuite>
