<?xml version="1.0" encoding="UTF-8"?>
<testsuite name="edu.duke.sz232.battleship.SimpleShipDisplayInfoTest" tests="1" skipped="0" failures="0" errors="0" timestamp="2022-01-23T20:11:18" hostname="ubuntu" time="0.002">
  <properties/>
  <testcase name="test_simple_ship_display_info()" classname="edu.duke.sz232.battleship.SimpleShipDisplayInfoTest" time="0.002"/>
  <system-out><![CDATA[]]></system-out>
  <system-err><![CDATA[]]></system-err>
</testsuite>
