<?xml version="1.0" encoding="UTF-8"?>
<testsuite name="edu.duke.sz232.battleship.BattleShipBoardTest" tests="6" skipped="0" failures="0" errors="0" timestamp="2022-01-25T02:46:53" hostname="ubuntu" time="0.041">
  <properties/>
  <testcase name="test_fire_at()" classname="edu.duke.sz232.battleship.BattleShipBoardTest" time="0.004"/>
  <testcase name="test_invalid_add_ship()" classname="edu.duke.sz232.battleship.BattleShipBoardTest" time="0.001"/>
  <testcase name="test_fire_miss()" classname="edu.duke.sz232.battleship.BattleShipBoardTest" time="0.001"/>
  <testcase name="test_width_and_height()" classname="edu.duke.sz232.battleship.BattleShipBoardTest" time="0.001"/>
  <testcase name="test_invalid_dimensions()" classname="edu.duke.sz232.battleship.BattleShipBoardTest" time="0.029"/>
  <testcase name="test_add_ship()" classname="edu.duke.sz232.battleship.BattleShipBoardTest" time="0.002"/>
  <system-out><![CDATA[]]></system-out>
  <system-err><![CDATA[]]></system-err>
</testsuite>
