<?xml version="1.0" encoding="UTF-8"?>
<testsuite name="edu.duke.sz232.battleship.AppTest" tests="3" skipped="0" failures="0" errors="0" timestamp="2022-02-05T18:49:52" hostname="ubuntu" time="0.364">
  <properties/>
  <testcase name="test_main()" classname="edu.duke.sz232.battleship.AppTest" time="0.265"/>
  <testcase name="test_player_lose()" classname="edu.duke.sz232.battleship.AppTest" time="0.091"/>
  <testcase name="app_test()" classname="edu.duke.sz232.battleship.AppTest" time="0.004"/>
  <system-out><![CDATA[]]></system-out>
  <system-err><![CDATA[]]></system-err>
</testsuite>
