<?xml version="1.0" encoding="UTF-8"?>
<testsuite name="edu.duke.sz232.battleship.CoordinateTest" tests="5" skipped="0" failures="0" errors="0" timestamp="2022-02-05T05:51:07" hostname="ubuntu" time="0.019">
  <properties/>
  <testcase name="test_column_and_rows()" classname="edu.duke.sz232.battleship.CoordinateTest" time="0.001"/>
  <testcase name="test_string_constructor_valid_cases()" classname="edu.duke.sz232.battleship.CoordinateTest" time="0.0"/>
  <testcase name="test_hashCode()" classname="edu.duke.sz232.battleship.CoordinateTest" time="0.002"/>
  <testcase name="test_string_constructor_error_cases()" classname="edu.duke.sz232.battleship.CoordinateTest" time="0.004"/>
  <testcase name="test_equals()" classname="edu.duke.sz232.battleship.CoordinateTest" time="0.001"/>
  <system-out><![CDATA[]]></system-out>
  <system-err><![CDATA[]]></system-err>
</testsuite>
