<?xml version="1.0" encoding="UTF-8"?>
<testsuite name="edu.duke.sz232.battleship.InBoundsRuleCheckerTest" tests="1" skipped="0" failures="0" errors="0" timestamp="2022-02-05T05:51:07" hostname="ubuntu" time="0.0">
  <properties/>
  <testcase name="testInboundsRule()" classname="edu.duke.sz232.battleship.InBoundsRuleCheckerTest" time="0.0"/>
  <system-out><![CDATA[]]></system-out>
  <system-err><![CDATA[]]></system-err>
</testsuite>
