<?xml version="1.0" encoding="UTF-8"?>
<testsuite name="edu.duke.sz232.battleship.BoardTextViewTest" tests="5" skipped="0" failures="0" errors="0" timestamp="2022-01-24T18:46:13" hostname="ubuntu" time="0.113">
  <properties/>
  <testcase name="test_dispaly_multiple_basic_ship_3by5()" classname="edu.duke.sz232.battleship.BoardTextViewTest" time="0.051"/>
  <testcase name="test_dispaly_single_basic_ship_3by5()" classname="edu.duke.sz232.battleship.BoardTextViewTest" time="0.007"/>
  <testcase name="test_display_empty_2by2()" classname="edu.duke.sz232.battleship.BoardTextViewTest" time="0.028"/>
  <testcase name="test_display_empty_3by2()" classname="edu.duke.sz232.battleship.BoardTextViewTest" time="0.005"/>
  <testcase name="test_display_empty_3by5()" classname="edu.duke.sz232.battleship.BoardTextViewTest" time="0.003"/>
  <system-out><![CDATA[]]></system-out>
  <system-err><![CDATA[]]></system-err>
</testsuite>
