<?xml version="1.0" encoding="UTF-8"?>
<testsuite name="edu.duke.sz232.battleship.BattleShipBoardTest" tests="3" skipped="0" failures="0" errors="0" timestamp="2022-01-24T18:46:13" hostname="ubuntu" time="0.05">
  <properties/>
  <testcase name="test_width_and_height()" classname="edu.duke.sz232.battleship.BattleShipBoardTest" time="0.007"/>
  <testcase name="test_invalid_dimensions()" classname="edu.duke.sz232.battleship.BattleShipBoardTest" time="0.023"/>
  <testcase name="test_add_ship()" classname="edu.duke.sz232.battleship.BattleShipBoardTest" time="0.016"/>
  <system-out><![CDATA[]]></system-out>
  <system-err><![CDATA[]]></system-err>
</testsuite>
