<?xml version="1.0" encoding="UTF-8"?>
<testsuite name="edu.duke.sz232.battleship.CoordinateTest" tests="5" skipped="0" failures="0" errors="0" timestamp="2022-02-04T22:04:58" hostname="ubuntu" time="0.082">
  <properties/>
  <testcase name="test_column_and_rows()" classname="edu.duke.sz232.battleship.CoordinateTest" time="0.001"/>
  <testcase name="test_string_constructor_valid_cases()" classname="edu.duke.sz232.battleship.CoordinateTest" time="0.019"/>
  <testcase name="test_hashCode()" classname="edu.duke.sz232.battleship.CoordinateTest" time="0.012"/>
  <testcase name="test_string_constructor_error_cases()" classname="edu.duke.sz232.battleship.CoordinateTest" time="0.035"/>
  <testcase name="test_equals()" classname="edu.duke.sz232.battleship.CoordinateTest" time="0.002"/>
  <system-out><![CDATA[]]></system-out>
  <system-err><![CDATA[]]></system-err>
</testsuite>
