<?xml version="1.0" encoding="UTF-8"?>
<testsuite name="edu.duke.sz232.battleship.BoardTextViewTest" tests="7" skipped="0" failures="0" errors="0" timestamp="2022-02-05T18:49:52" hostname="ubuntu" time="0.047">
  <properties/>
  <testcase name="test_dispaly_multiple_basic_ship_3by5()" classname="edu.duke.sz232.battleship.BoardTextViewTest" time="0.013"/>
  <testcase name="test_fire_enemy_display()" classname="edu.duke.sz232.battleship.BoardTextViewTest" time="0.004"/>
  <testcase name="test_display_my_board_with_enemy_board()" classname="edu.duke.sz232.battleship.BoardTextViewTest" time="0.001"/>
  <testcase name="test_dispaly_single_basic_ship_3by5()" classname="edu.duke.sz232.battleship.BoardTextViewTest" time="0.004"/>
  <testcase name="test_display_empty_2by2()" classname="edu.duke.sz232.battleship.BoardTextViewTest" time="0.003"/>
  <testcase name="test_display_empty_3by2()" classname="edu.duke.sz232.battleship.BoardTextViewTest" time="0.002"/>
  <testcase name="test_display_empty_3by5()" classname="edu.duke.sz232.battleship.BoardTextViewTest" time="0.003"/>
  <system-out><![CDATA[]]></system-out>
  <system-err><![CDATA[]]></system-err>
</testsuite>
