<?xml version="1.0" encoding="UTF-8"?>
<testsuite name="edu.duke.sz232.battleship.InBoundsRuleCheckerTest" tests="1" skipped="0" failures="0" errors="0" timestamp="2022-01-24T18:46:13" hostname="ubuntu" time="0.002">
  <properties/>
  <testcase name="testInboundsRule()" classname="edu.duke.sz232.battleship.InBoundsRuleCheckerTest" time="0.002"/>
  <system-out><![CDATA[]]></system-out>
  <system-err><![CDATA[]]></system-err>
</testsuite>
